<?xml version="1.0" encoding="UTF-8"?>
<!-- Generated by org.testng.reporters.JUnitXMLReporter -->
<testsuite ignored="0" hostname="MCFL-8BD87S3" failures="0" tests="6" name="AmplifiCapital About Page Test" time="61.775" errors="0" timestamp="2024-03-31T20:09:02 IST">
  <testcase classname="com.qa.amplifi_capital.tests.AboutPageTest" name="aboutPageNavigationTest" time="5.184"/>
  <testcase classname="com.qa.amplifi_capital.tests.AboutPageTest" name="aboutPageTitleTest" time="0.008"/>
  <testcase classname="com.qa.amplifi_capital.tests.AboutPageTest" name="aboutPageURLTest" time="0.003"/>
  <testcase classname="com.qa.amplifi_capital.tests.AboutPageTest" name="aboutPageContentsTest" time="20.368"/>
  <testcase classname="com.qa.amplifi_capital.tests.AboutPageTest" name="aboutPageButtonsTest" time="14.509"/>
  <testcase classname="com.qa.amplifi_capital.tests.AboutPageTest" name="aboutPageH1TagTest" time="1.023"/>
</testsuite> <!-- AmplifiCapital About Page Test -->
