<?xml version="1.0" encoding="UTF-8"?>
<!-- Generated by org.testng.reporters.JUnitXMLReporter -->
<testsuite ignored="0" hostname="MCFL-8BD87S3" failures="8" tests="8" name="AmplifiCapital Home Page Test" time="28.14" errors="0" timestamp="2024-03-14T18:59:25 IST">
  <testcase classname="com.qa.amplifi_capital.tests.HomePageTest" name="homePageButtonsTest" time="7.04">
    <failure type="com.microsoft.playwright.PlaywrightException" message="Error {
  message=&amp;apos;Target page, context or browser has been closed
  name=&amp;apos;TargetClosedError
  stack=&amp;apos;TargetClosedError:Target page, context or browser has been closed
Error
    at captureRawStack (C:\Users\ANILKU~1\AppData\Local\Temp\playwright-java-4258486566767485809\package\lib\utils\stackTrace.js:50:17)
    at LongStandingScope._race (C:\Users\ANILKU~1\AppData\Local\Temp\playwright-java-4258486566767485809\package\lib\utils\manualPromise.js:91:52)
    at LongStandingScope.race (C:\Users\ANILKU~1\AppData\Local\Temp\playwright-java-4258486566767485809\package\lib\utils\manualPromise.js:84:17)
    at FrameDispatcher._handleCommand (C:\Users\ANILKU~1\AppData\Local\Temp\playwright-java-4258486566767485809\package\lib\server\dispatchers\dispatcher.js:96:36)
    at DispatcherConnection.dispatch (C:\Users\ANILKU~1\AppData\Local\Temp\playwright-java-4258486566767485809\package\lib\server\dispatchers\dispatcher.js:362:39)
}">
      <![CDATA[com.microsoft.playwright.PlaywrightException: Error {
  message='Target page, context or browser has been closed
  name='TargetClosedError
  stack='TargetClosedError:Target page, context or browser has been closed
Error
    at captureRawStack (C:\Users\ANILKU~1\AppData\Local\Temp\playwright-java-4258486566767485809\package\lib\utils\stackTrace.js:50:17)
    at LongStandingScope._race (C:\Users\ANILKU~1\AppData\Local\Temp\playwright-java-4258486566767485809\package\lib\utils\manualPromise.js:91:52)
    at LongStandingScope.race (C:\Users\ANILKU~1\AppData\Local\Temp\playwright-java-4258486566767485809\package\lib\utils\manualPromise.js:84:17)
    at FrameDispatcher._handleCommand (C:\Users\ANILKU~1\AppData\Local\Temp\playwright-java-4258486566767485809\package\lib\server\dispatchers\dispatcher.js:96:36)
    at DispatcherConnection.dispatch (C:\Users\ANILKU~1\AppData\Local\Temp\playwright-java-4258486566767485809\package\lib\server\dispatchers\dispatcher.js:362:39)
}
at com.microsoft.playwright.impl.WaitableResult.get(WaitableResult.java:54)
at com.microsoft.playwright.impl.ChannelOwner.runUntil(ChannelOwner.java:120)
at com.microsoft.playwright.impl.Connection.sendMessage(Connection.java:129)
at com.microsoft.playwright.impl.ChannelOwner.sendMessage(ChannelOwner.java:106)
at com.microsoft.playwright.impl.FrameImpl.waitForTimeoutImpl(FrameImpl.java:1076)
at com.microsoft.playwright.impl.PageImpl.lambda$waitForTimeout$94(PageImpl.java:1471)
at com.microsoft.playwright.impl.LoggingSupport.lambda$withLogging$0(LoggingSupport.java:36)
at com.microsoft.playwright.impl.LoggingSupport.withLogging(LoggingSupport.java:47)
at com.microsoft.playwright.impl.ChannelOwner.withLogging(ChannelOwner.java:89)
at com.microsoft.playwright.impl.LoggingSupport.withLogging(LoggingSupport.java:35)
at com.microsoft.playwright.impl.PageImpl.waitForTimeout(PageImpl.java:1471)
at com.qa.amplifi_capital.pages.HomePage.ValidateButtons(HomePage.java:76)
at com.qa.amplifi_capital.tests.HomePageTest.homePageButtonsTest(HomePageTest.java:28)
at java.base/java.util.ArrayList.forEach(ArrayList.java:1511)
Caused by: com.microsoft.playwright.impl.TargetClosedError: Error {
  message='Target page, context or browser has been closed
  name='TargetClosedError
  stack='TargetClosedError:Target page, context or browser has been closed
Error
    at captureRawStack (C:\Users\ANILKU~1\AppData\Local\Temp\playwright-java-4258486566767485809\package\lib\utils\stackTrace.js:50:17)
    at LongStandingScope._race (C:\Users\ANILKU~1\AppData\Local\Temp\playwright-java-4258486566767485809\package\lib\utils\manualPromise.js:91:52)
    at LongStandingScope.race (C:\Users\ANILKU~1\AppData\Local\Temp\playwright-java-4258486566767485809\package\lib\utils\manualPromise.js:84:17)
    at FrameDispatcher._handleCommand (C:\Users\ANILKU~1\AppData\Local\Temp\playwright-java-4258486566767485809\package\lib\server\dispatchers\dispatcher.js:96:36)
    at DispatcherConnection.dispatch (C:\Users\ANILKU~1\AppData\Local\Temp\playwright-java-4258486566767485809\package\lib\server\dispatchers\dispatcher.js:362:39)
}
at com.microsoft.playwright.impl.Connection.dispatch(Connection.java:256)
at com.microsoft.playwright.impl.Connection.processOneMessage(Connection.java:209)
at com.microsoft.playwright.impl.ChannelOwner.runUntil(ChannelOwner.java:118)
... 39 more
... Removed 27 stack frames]]>
    </failure>
  </testcase> <!-- homePageButtonsTest -->
  <testcase classname="com.qa.amplifi_capital.tests.HomePageTest" name="homePageContentsTest" time="0.003">
    <failure type="com.microsoft.playwright.PlaywrightException" message="Error {
  message=&amp;apos;Target page, context or browser has been closed
  name=&amp;apos;TargetClosedError
  stack=&amp;apos;TargetClosedError: Target page, context or browser has been closed
    at DispatcherConnection.dispatch (C:\Users\ANILKU~1\AppData\Local\Temp\playwright-java-4258486566767485809\package\lib\server\dispatchers\dispatcher.js:277:44)
    at transport.onmessage (C:\Users\ANILKU~1\AppData\Local\Temp\playwright-java-4258486566767485809\package\lib\cli\driver.js:52:57)
    at Immediate._onImmediate (C:\Users\ANILKU~1\AppData\Local\Temp\playwright-java-4258486566767485809\package\lib\protocol\transport.js:77:34)
    at process.processImmediate (node:internal/timers:478:21)
}">
      <![CDATA[com.microsoft.playwright.PlaywrightException: Error {
  message='Target page, context or browser has been closed
  name='TargetClosedError
  stack='TargetClosedError: Target page, context or browser has been closed
    at DispatcherConnection.dispatch (C:\Users\ANILKU~1\AppData\Local\Temp\playwright-java-4258486566767485809\package\lib\server\dispatchers\dispatcher.js:277:44)
    at transport.onmessage (C:\Users\ANILKU~1\AppData\Local\Temp\playwright-java-4258486566767485809\package\lib\cli\driver.js:52:57)
    at Immediate._onImmediate (C:\Users\ANILKU~1\AppData\Local\Temp\playwright-java-4258486566767485809\package\lib\protocol\transport.js:77:34)
    at process.processImmediate (node:internal/timers:478:21)
}
at com.microsoft.playwright.impl.WaitableResult.get(WaitableResult.java:54)
at com.microsoft.playwright.impl.ChannelOwner.runUntil(ChannelOwner.java:120)
at com.microsoft.playwright.impl.Connection.sendMessage(Connection.java:129)
at com.microsoft.playwright.impl.ChannelOwner.sendMessage(ChannelOwner.java:106)
at com.microsoft.playwright.impl.ChannelOwner.sendMessage(ChannelOwner.java:101)
at com.microsoft.playwright.impl.PageImpl.lambda$bringToFront$15(PageImpl.java:574)
at com.microsoft.playwright.impl.LoggingSupport.withLogging(LoggingSupport.java:47)
at com.microsoft.playwright.impl.ChannelOwner.withLogging(ChannelOwner.java:89)
at com.microsoft.playwright.impl.PageImpl.bringToFront(PageImpl.java:574)
at com.qa.amplifi_capital.pages.HomePage.ValidateHompePageContents(HomePage.java:166)
at com.qa.amplifi_capital.tests.HomePageTest.homePageContentsTest(HomePageTest.java:44)
at java.base/java.util.ArrayList.forEach(ArrayList.java:1511)
Caused by: com.microsoft.playwright.impl.TargetClosedError: Error {
  message='Target page, context or browser has been closed
  name='TargetClosedError
  stack='TargetClosedError: Target page, context or browser has been closed
    at DispatcherConnection.dispatch (C:\Users\ANILKU~1\AppData\Local\Temp\playwright-java-4258486566767485809\package\lib\server\dispatchers\dispatcher.js:277:44)
    at transport.onmessage (C:\Users\ANILKU~1\AppData\Local\Temp\playwright-java-4258486566767485809\package\lib\cli\driver.js:52:57)
    at Immediate._onImmediate (C:\Users\ANILKU~1\AppData\Local\Temp\playwright-java-4258486566767485809\package\lib\protocol\transport.js:77:34)
    at process.processImmediate (node:internal/timers:478:21)
}
at com.microsoft.playwright.impl.Connection.dispatch(Connection.java:256)
at com.microsoft.playwright.impl.Connection.processOneMessage(Connection.java:209)
at com.microsoft.playwright.impl.ChannelOwner.runUntil(ChannelOwner.java:118)
... 37 more
... Removed 27 stack frames]]>
    </failure>
  </testcase> <!-- homePageContentsTest -->
  <testcase classname="com.qa.amplifi_capital.tests.HomePageTest" name="homePageFooterLinksTest" time="0.007">
    <failure type="com.microsoft.playwright.PlaywrightException" message="Error {
  message=&amp;apos;Target page, context or browser has been closed
  name=&amp;apos;TargetClosedError
  stack=&amp;apos;TargetClosedError: Target page, context or browser has been closed
    at DispatcherConnection.dispatch (C:\Users\ANILKU~1\AppData\Local\Temp\playwright-java-4258486566767485809\package\lib\server\dispatchers\dispatcher.js:277:44)
    at transport.onmessage (C:\Users\ANILKU~1\AppData\Local\Temp\playwright-java-4258486566767485809\package\lib\cli\driver.js:52:57)
    at Immediate._onImmediate (C:\Users\ANILKU~1\AppData\Local\Temp\playwright-java-4258486566767485809\package\lib\protocol\transport.js:77:34)
    at process.processImmediate (node:internal/timers:478:21)
}">
      <![CDATA[com.microsoft.playwright.PlaywrightException: Error {
  message='Target page, context or browser has been closed
  name='TargetClosedError
  stack='TargetClosedError: Target page, context or browser has been closed
    at DispatcherConnection.dispatch (C:\Users\ANILKU~1\AppData\Local\Temp\playwright-java-4258486566767485809\package\lib\server\dispatchers\dispatcher.js:277:44)
    at transport.onmessage (C:\Users\ANILKU~1\AppData\Local\Temp\playwright-java-4258486566767485809\package\lib\cli\driver.js:52:57)
    at Immediate._onImmediate (C:\Users\ANILKU~1\AppData\Local\Temp\playwright-java-4258486566767485809\package\lib\protocol\transport.js:77:34)
    at process.processImmediate (node:internal/timers:478:21)
}
at com.microsoft.playwright.impl.WaitableResult.get(WaitableResult.java:54)
at com.microsoft.playwright.impl.ChannelOwner.runUntil(ChannelOwner.java:120)
at com.microsoft.playwright.impl.Connection.sendMessage(Connection.java:129)
at com.microsoft.playwright.impl.ChannelOwner.sendMessage(ChannelOwner.java:106)
at com.microsoft.playwright.impl.FrameImpl.waitForSelectorImpl(FrameImpl.java:1060)
at com.microsoft.playwright.impl.FrameImpl.waitForSelectorImpl(FrameImpl.java:1050)
at com.microsoft.playwright.impl.FrameImpl.lambda$waitForSelector$46(FrameImpl.java:1046)
at com.microsoft.playwright.impl.LoggingSupport.withLogging(LoggingSupport.java:47)
at com.microsoft.playwright.impl.ChannelOwner.withLogging(ChannelOwner.java:89)
at com.microsoft.playwright.impl.FrameImpl.waitForSelector(FrameImpl.java:1046)
at com.microsoft.playwright.impl.LocatorImpl.elementHandle(LocatorImpl.java:182)
at com.microsoft.playwright.impl.LocatorImpl.withElement(LocatorImpl.java:64)
at com.microsoft.playwright.impl.LocatorImpl.scrollIntoViewIfNeeded(LocatorImpl.java:451)
at com.microsoft.playwright.Locator.scrollIntoViewIfNeeded(Locator.java:4256)
at com.qa.amplifi_capital.pages.HomePage.ValidateFooterLinks(HomePage.java:139)
at com.qa.amplifi_capital.tests.HomePageTest.homePageFooterLinksTest(HomePageTest.java:59)
at java.base/java.util.ArrayList.forEach(ArrayList.java:1511)
Caused by: com.microsoft.playwright.impl.TargetClosedError: Error {
  message='Target page, context or browser has been closed
  name='TargetClosedError
  stack='TargetClosedError: Target page, context or browser has been closed
    at DispatcherConnection.dispatch (C:\Users\ANILKU~1\AppData\Local\Temp\playwright-java-4258486566767485809\package\lib\server\dispatchers\dispatcher.js:277:44)
    at transport.onmessage (C:\Users\ANILKU~1\AppData\Local\Temp\playwright-java-4258486566767485809\package\lib\cli\driver.js:52:57)
    at Immediate._onImmediate (C:\Users\ANILKU~1\AppData\Local\Temp\playwright-java-4258486566767485809\package\lib\protocol\transport.js:77:34)
    at process.processImmediate (node:internal/timers:478:21)
}
at com.microsoft.playwright.impl.Connection.dispatch(Connection.java:256)
at com.microsoft.playwright.impl.Connection.processOneMessage(Connection.java:209)
at com.microsoft.playwright.impl.ChannelOwner.runUntil(ChannelOwner.java:118)
... 42 more
... Removed 27 stack frames]]>
    </failure>
  </testcase> <!-- homePageFooterLinksTest -->
  <testcase classname="com.qa.amplifi_capital.tests.HomePageTest" name="homePageH1TagTest" time="0.006">
    <failure type="com.microsoft.playwright.PlaywrightException" message="Error {
  message=&amp;apos;Target page, context or browser has been closed
  name=&amp;apos;TargetClosedError
  stack=&amp;apos;TargetClosedError: Target page, context or browser has been closed
    at DispatcherConnection.dispatch (C:\Users\ANILKU~1\AppData\Local\Temp\playwright-java-4258486566767485809\package\lib\server\dispatchers\dispatcher.js:277:44)
    at transport.onmessage (C:\Users\ANILKU~1\AppData\Local\Temp\playwright-java-4258486566767485809\package\lib\cli\driver.js:52:57)
    at Immediate._onImmediate (C:\Users\ANILKU~1\AppData\Local\Temp\playwright-java-4258486566767485809\package\lib\protocol\transport.js:77:34)
    at process.processImmediate (node:internal/timers:478:21)
}">
      <![CDATA[com.microsoft.playwright.PlaywrightException: Error {
  message='Target page, context or browser has been closed
  name='TargetClosedError
  stack='TargetClosedError: Target page, context or browser has been closed
    at DispatcherConnection.dispatch (C:\Users\ANILKU~1\AppData\Local\Temp\playwright-java-4258486566767485809\package\lib\server\dispatchers\dispatcher.js:277:44)
    at transport.onmessage (C:\Users\ANILKU~1\AppData\Local\Temp\playwright-java-4258486566767485809\package\lib\cli\driver.js:52:57)
    at Immediate._onImmediate (C:\Users\ANILKU~1\AppData\Local\Temp\playwright-java-4258486566767485809\package\lib\protocol\transport.js:77:34)
    at process.processImmediate (node:internal/timers:478:21)
}
at com.microsoft.playwright.impl.WaitableResult.get(WaitableResult.java:54)
at com.microsoft.playwright.impl.ChannelOwner.runUntil(ChannelOwner.java:120)
at com.microsoft.playwright.impl.Connection.sendMessage(Connection.java:129)
at com.microsoft.playwright.impl.ChannelOwner.sendMessage(ChannelOwner.java:106)
at com.microsoft.playwright.impl.FrameImpl.waitForTimeoutImpl(FrameImpl.java:1076)
at com.microsoft.playwright.impl.PageImpl.lambda$waitForTimeout$94(PageImpl.java:1471)
at com.microsoft.playwright.impl.LoggingSupport.lambda$withLogging$0(LoggingSupport.java:36)
at com.microsoft.playwright.impl.LoggingSupport.withLogging(LoggingSupport.java:47)
at com.microsoft.playwright.impl.ChannelOwner.withLogging(ChannelOwner.java:89)
at com.microsoft.playwright.impl.LoggingSupport.withLogging(LoggingSupport.java:35)
at com.microsoft.playwright.impl.PageImpl.waitForTimeout(PageImpl.java:1471)
at com.qa.amplifi_capital.pages.HomePage.ValidateOneH1Tag(HomePage.java:85)
at com.qa.amplifi_capital.tests.HomePageTest.homePageH1TagTest(HomePageTest.java:49)
at java.base/java.util.ArrayList.forEach(ArrayList.java:1511)
Caused by: com.microsoft.playwright.impl.TargetClosedError: Error {
  message='Target page, context or browser has been closed
  name='TargetClosedError
  stack='TargetClosedError: Target page, context or browser has been closed
    at DispatcherConnection.dispatch (C:\Users\ANILKU~1\AppData\Local\Temp\playwright-java-4258486566767485809\package\lib\server\dispatchers\dispatcher.js:277:44)
    at transport.onmessage (C:\Users\ANILKU~1\AppData\Local\Temp\playwright-java-4258486566767485809\package\lib\cli\driver.js:52:57)
    at Immediate._onImmediate (C:\Users\ANILKU~1\AppData\Local\Temp\playwright-java-4258486566767485809\package\lib\protocol\transport.js:77:34)
    at process.processImmediate (node:internal/timers:478:21)
}
at com.microsoft.playwright.impl.Connection.dispatch(Connection.java:256)
at com.microsoft.playwright.impl.Connection.processOneMessage(Connection.java:209)
at com.microsoft.playwright.impl.ChannelOwner.runUntil(ChannelOwner.java:118)
... 39 more
... Removed 27 stack frames]]>
    </failure>
  </testcase> <!-- homePageH1TagTest -->
  <testcase classname="com.qa.amplifi_capital.tests.HomePageTest" name="homePageLegalsTest" time="0.002">
    <failure type="com.microsoft.playwright.PlaywrightException" message="Error {
  message=&amp;apos;Target page, context or browser has been closed
  name=&amp;apos;TargetClosedError
  stack=&amp;apos;TargetClosedError: Target page, context or browser has been closed
    at DispatcherConnection.dispatch (C:\Users\ANILKU~1\AppData\Local\Temp\playwright-java-4258486566767485809\package\lib\server\dispatchers\dispatcher.js:277:44)
    at transport.onmessage (C:\Users\ANILKU~1\AppData\Local\Temp\playwright-java-4258486566767485809\package\lib\cli\driver.js:52:57)
    at Immediate._onImmediate (C:\Users\ANILKU~1\AppData\Local\Temp\playwright-java-4258486566767485809\package\lib\protocol\transport.js:77:34)
    at process.processImmediate (node:internal/timers:478:21)
}">
      <![CDATA[com.microsoft.playwright.PlaywrightException: Error {
  message='Target page, context or browser has been closed
  name='TargetClosedError
  stack='TargetClosedError: Target page, context or browser has been closed
    at DispatcherConnection.dispatch (C:\Users\ANILKU~1\AppData\Local\Temp\playwright-java-4258486566767485809\package\lib\server\dispatchers\dispatcher.js:277:44)
    at transport.onmessage (C:\Users\ANILKU~1\AppData\Local\Temp\playwright-java-4258486566767485809\package\lib\cli\driver.js:52:57)
    at Immediate._onImmediate (C:\Users\ANILKU~1\AppData\Local\Temp\playwright-java-4258486566767485809\package\lib\protocol\transport.js:77:34)
    at process.processImmediate (node:internal/timers:478:21)
}
at com.microsoft.playwright.impl.WaitableResult.get(WaitableResult.java:54)
at com.microsoft.playwright.impl.ChannelOwner.runUntil(ChannelOwner.java:120)
at com.microsoft.playwright.impl.Connection.sendMessage(Connection.java:129)
at com.microsoft.playwright.impl.ChannelOwner.sendMessage(ChannelOwner.java:106)
at com.microsoft.playwright.impl.ChannelOwner.sendMessage(ChannelOwner.java:101)
at com.microsoft.playwright.impl.PageImpl.lambda$bringToFront$15(PageImpl.java:574)
at com.microsoft.playwright.impl.LoggingSupport.withLogging(LoggingSupport.java:47)
at com.microsoft.playwright.impl.ChannelOwner.withLogging(ChannelOwner.java:89)
at com.microsoft.playwright.impl.PageImpl.bringToFront(PageImpl.java:574)
at com.qa.amplifi_capital.pages.HomePage.ValidateContentsOfLegalsPage(HomePage.java:213)
at com.qa.amplifi_capital.tests.HomePageTest.homePageLegalsTest(HomePageTest.java:65)
at java.base/java.util.ArrayList.forEach(ArrayList.java:1511)
Caused by: com.microsoft.playwright.impl.TargetClosedError: Error {
  message='Target page, context or browser has been closed
  name='TargetClosedError
  stack='TargetClosedError: Target page, context or browser has been closed
    at DispatcherConnection.dispatch (C:\Users\ANILKU~1\AppData\Local\Temp\playwright-java-4258486566767485809\package\lib\server\dispatchers\dispatcher.js:277:44)
    at transport.onmessage (C:\Users\ANILKU~1\AppData\Local\Temp\playwright-java-4258486566767485809\package\lib\cli\driver.js:52:57)
    at Immediate._onImmediate (C:\Users\ANILKU~1\AppData\Local\Temp\playwright-java-4258486566767485809\package\lib\protocol\transport.js:77:34)
    at process.processImmediate (node:internal/timers:478:21)
}
at com.microsoft.playwright.impl.Connection.dispatch(Connection.java:256)
at com.microsoft.playwright.impl.Connection.processOneMessage(Connection.java:209)
at com.microsoft.playwright.impl.ChannelOwner.runUntil(ChannelOwner.java:118)
... 37 more
... Removed 27 stack frames]]>
    </failure>
  </testcase> <!-- homePageLegalsTest -->
  <testcase classname="com.qa.amplifi_capital.tests.HomePageTest" name="homePageNewsCarouselTest" time="0.008">
    <failure type="com.microsoft.playwright.PlaywrightException" message="Error {
  message=&amp;apos;Target page, context or browser has been closed
  name=&amp;apos;TargetClosedError
  stack=&amp;apos;TargetClosedError: Target page, context or browser has been closed
    at DispatcherConnection.dispatch (C:\Users\ANILKU~1\AppData\Local\Temp\playwright-java-4258486566767485809\package\lib\server\dispatchers\dispatcher.js:277:44)
    at transport.onmessage (C:\Users\ANILKU~1\AppData\Local\Temp\playwright-java-4258486566767485809\package\lib\cli\driver.js:52:57)
    at Immediate._onImmediate (C:\Users\ANILKU~1\AppData\Local\Temp\playwright-java-4258486566767485809\package\lib\protocol\transport.js:77:34)
    at process.processImmediate (node:internal/timers:478:21)
}">
      <![CDATA[com.microsoft.playwright.PlaywrightException: Error {
  message='Target page, context or browser has been closed
  name='TargetClosedError
  stack='TargetClosedError: Target page, context or browser has been closed
    at DispatcherConnection.dispatch (C:\Users\ANILKU~1\AppData\Local\Temp\playwright-java-4258486566767485809\package\lib\server\dispatchers\dispatcher.js:277:44)
    at transport.onmessage (C:\Users\ANILKU~1\AppData\Local\Temp\playwright-java-4258486566767485809\package\lib\cli\driver.js:52:57)
    at Immediate._onImmediate (C:\Users\ANILKU~1\AppData\Local\Temp\playwright-java-4258486566767485809\package\lib\protocol\transport.js:77:34)
    at process.processImmediate (node:internal/timers:478:21)
}
at com.microsoft.playwright.impl.WaitableResult.get(WaitableResult.java:54)
at com.microsoft.playwright.impl.ChannelOwner.runUntil(ChannelOwner.java:120)
at com.microsoft.playwright.impl.Connection.sendMessage(Connection.java:129)
at com.microsoft.playwright.impl.ChannelOwner.sendMessage(ChannelOwner.java:106)
at com.microsoft.playwright.impl.FrameImpl.waitForSelectorImpl(FrameImpl.java:1060)
at com.microsoft.playwright.impl.FrameImpl.waitForSelectorImpl(FrameImpl.java:1050)
at com.microsoft.playwright.impl.FrameImpl.lambda$waitForSelector$46(FrameImpl.java:1046)
at com.microsoft.playwright.impl.LoggingSupport.withLogging(LoggingSupport.java:47)
at com.microsoft.playwright.impl.ChannelOwner.withLogging(ChannelOwner.java:89)
at com.microsoft.playwright.impl.FrameImpl.waitForSelector(FrameImpl.java:1046)
at com.microsoft.playwright.impl.LocatorImpl.elementHandle(LocatorImpl.java:182)
at com.microsoft.playwright.impl.LocatorImpl.withElement(LocatorImpl.java:64)
at com.microsoft.playwright.impl.LocatorImpl.scrollIntoViewIfNeeded(LocatorImpl.java:451)
at com.microsoft.playwright.Locator.scrollIntoViewIfNeeded(Locator.java:4256)
at com.qa.amplifi_capital.pages.HomePage.ValidateHomePageNewsCarousel(HomePage.java:98)
at com.qa.amplifi_capital.tests.HomePageTest.homePageNewsCarouselTest(HomePageTest.java:54)
at java.base/java.util.ArrayList.forEach(ArrayList.java:1511)
Caused by: com.microsoft.playwright.impl.TargetClosedError: Error {
  message='Target page, context or browser has been closed
  name='TargetClosedError
  stack='TargetClosedError: Target page, context or browser has been closed
    at DispatcherConnection.dispatch (C:\Users\ANILKU~1\AppData\Local\Temp\playwright-java-4258486566767485809\package\lib\server\dispatchers\dispatcher.js:277:44)
    at transport.onmessage (C:\Users\ANILKU~1\AppData\Local\Temp\playwright-java-4258486566767485809\package\lib\cli\driver.js:52:57)
    at Immediate._onImmediate (C:\Users\ANILKU~1\AppData\Local\Temp\playwright-java-4258486566767485809\package\lib\protocol\transport.js:77:34)
    at process.processImmediate (node:internal/timers:478:21)
}
at com.microsoft.playwright.impl.Connection.dispatch(Connection.java:256)
at com.microsoft.playwright.impl.Connection.processOneMessage(Connection.java:209)
at com.microsoft.playwright.impl.ChannelOwner.runUntil(ChannelOwner.java:118)
... 42 more
... Removed 27 stack frames]]>
    </failure>
  </testcase> <!-- homePageNewsCarouselTest -->
  <testcase classname="com.qa.amplifi_capital.tests.HomePageTest" name="homePageTitleTest" time="0.01">
    <failure type="com.microsoft.playwright.PlaywrightException" message="Error {
  message=&amp;apos;Target page, context or browser has been closed
  name=&amp;apos;TargetClosedError
  stack=&amp;apos;TargetClosedError: Target page, context or browser has been closed
    at DispatcherConnection.dispatch (C:\Users\ANILKU~1\AppData\Local\Temp\playwright-java-4258486566767485809\package\lib\server\dispatchers\dispatcher.js:277:44)
    at transport.onmessage (C:\Users\ANILKU~1\AppData\Local\Temp\playwright-java-4258486566767485809\package\lib\cli\driver.js:52:57)
    at Immediate._onImmediate (C:\Users\ANILKU~1\AppData\Local\Temp\playwright-java-4258486566767485809\package\lib\protocol\transport.js:77:34)
    at process.processImmediate (node:internal/timers:478:21)
}">
      <![CDATA[com.microsoft.playwright.PlaywrightException: Error {
  message='Target page, context or browser has been closed
  name='TargetClosedError
  stack='TargetClosedError: Target page, context or browser has been closed
    at DispatcherConnection.dispatch (C:\Users\ANILKU~1\AppData\Local\Temp\playwright-java-4258486566767485809\package\lib\server\dispatchers\dispatcher.js:277:44)
    at transport.onmessage (C:\Users\ANILKU~1\AppData\Local\Temp\playwright-java-4258486566767485809\package\lib\cli\driver.js:52:57)
    at Immediate._onImmediate (C:\Users\ANILKU~1\AppData\Local\Temp\playwright-java-4258486566767485809\package\lib\protocol\transport.js:77:34)
    at process.processImmediate (node:internal/timers:478:21)
}
at com.microsoft.playwright.impl.WaitableResult.get(WaitableResult.java:54)
at com.microsoft.playwright.impl.ChannelOwner.runUntil(ChannelOwner.java:120)
at com.microsoft.playwright.impl.Connection.sendMessage(Connection.java:129)
at com.microsoft.playwright.impl.ChannelOwner.sendMessage(ChannelOwner.java:106)
at com.microsoft.playwright.impl.ChannelOwner.sendMessage(ChannelOwner.java:101)
at com.microsoft.playwright.impl.FrameImpl.titleImpl(FrameImpl.java:827)
at com.microsoft.playwright.impl.PageImpl.lambda$title$79(PageImpl.java:1209)
at com.microsoft.playwright.impl.LoggingSupport.withLogging(LoggingSupport.java:47)
at com.microsoft.playwright.impl.ChannelOwner.withLogging(ChannelOwner.java:89)
at com.microsoft.playwright.impl.PageImpl.title(PageImpl.java:1209)
at com.qa.amplifi_capital.pages.HomePage.getHomePageTitle(HomePage.java:49)
at com.qa.amplifi_capital.tests.HomePageTest.homePageTitleTest(HomePageTest.java:13)
at java.base/java.util.ArrayList.forEach(ArrayList.java:1511)
Caused by: com.microsoft.playwright.impl.TargetClosedError: Error {
  message='Target page, context or browser has been closed
  name='TargetClosedError
  stack='TargetClosedError: Target page, context or browser has been closed
    at DispatcherConnection.dispatch (C:\Users\ANILKU~1\AppData\Local\Temp\playwright-java-4258486566767485809\package\lib\server\dispatchers\dispatcher.js:277:44)
    at transport.onmessage (C:\Users\ANILKU~1\AppData\Local\Temp\playwright-java-4258486566767485809\package\lib\cli\driver.js:52:57)
    at Immediate._onImmediate (C:\Users\ANILKU~1\AppData\Local\Temp\playwright-java-4258486566767485809\package\lib\protocol\transport.js:77:34)
    at process.processImmediate (node:internal/timers:478:21)
}
at com.microsoft.playwright.impl.Connection.dispatch(Connection.java:256)
at com.microsoft.playwright.impl.Connection.processOneMessage(Connection.java:209)
at com.microsoft.playwright.impl.ChannelOwner.runUntil(ChannelOwner.java:118)
... 38 more
... Removed 27 stack frames]]>
    </failure>
  </testcase> <!-- homePageTitleTest -->
  <testcase classname="com.qa.amplifi_capital.tests.HomePageTest" name="homePageURLTest" time="0.019">
    <failure type="java.lang.AssertionError" message="expected [https://uat.amplificapital.com] but found [https://uat.amplificapital.com/]">
      <![CDATA[java.lang.AssertionError: expected [https://uat.amplificapital.com] but found [https://uat.amplificapital.com/]
at com.qa.amplifi_capital.tests.HomePageTest.homePageURLTest(HomePageTest.java:20)
at java.base/java.util.ArrayList.forEach(ArrayList.java:1511)
... Removed 33 stack frames]]>
    </failure>
  </testcase> <!-- homePageURLTest -->
</testsuite> <!-- AmplifiCapital Home Page Test -->
