<?xml version="1.0" encoding="UTF-8"?>
<!-- Generated by org.testng.reporters.JUnitXMLReporter -->
<testsuite ignored="0" hostname="MCFL-8BD87S3" failures="0" tests="6" name="AmplifiCapital About Page Test" time="47.479" errors="0" timestamp="2024-03-15T09:24:49 IST">
  <testcase classname="com.qa.amplifi_capital.tests.AboutPageTest" name="aboutPageNavigationTest" time="5.131"/>
  <testcase classname="com.qa.amplifi_capital.tests.AboutPageTest" name="aboutPageTitleTest" time="0.005"/>
  <testcase classname="com.qa.amplifi_capital.tests.AboutPageTest" name="aboutPageURLTest" time="0.0"/>
  <testcase classname="com.qa.amplifi_capital.tests.AboutPageTest" name="aboutPageContentsTest" time="20.821"/>
  <testcase classname="com.qa.amplifi_capital.tests.AboutPageTest" name="aboutPageButtonsTest" time="14.065"/>
  <testcase classname="com.qa.amplifi_capital.tests.AboutPageTest" name="aboutPageH1TagTest" time="1.033"/>
</testsuite> <!-- AmplifiCapital About Page Test -->
