<?xml version="1.0" encoding="UTF-8"?>
<testng-results ignored="0" total="8" passed="0" failed="8" skipped="0">
  <reporter-output>
  </reporter-output>
  <suite started-at="2024-03-14T18:58:57 IST" name="Amplifi Capital Test Regression  Suite" finished-at="2024-03-14T18:59:25 IST" duration-ms="28140">
    <groups>
    </groups>
    <test started-at="2024-03-14T18:58:57 IST" name="AmplifiCapital Home Page Test" finished-at="2024-03-14T18:59:25 IST" duration-ms="28140">
      <class name="com.qa.amplifi_capital.tests.HomePageTest">
        <test-method is-config="true" signature="setup()[pri:0, instance:com.qa.amplifi_capital.tests.HomePageTest@1151e434]" started-at="2024-03-14T18:58:57 IST" name="setup" finished-at="2024-03-14T18:59:18 IST" duration-ms="20731" status="PASS">
          <reporter-output>
          </reporter-output>
        </test-method> <!-- setup -->
        <test-method signature="homePageButtonsTest()[pri:0, instance:com.qa.amplifi_capital.tests.HomePageTest@1151e434]" started-at="2024-03-14T18:59:18 IST" name="homePageButtonsTest" finished-at="2024-03-14T18:59:25 IST" duration-ms="7040" status="FAIL">
          <exception class="com.microsoft.playwright.PlaywrightException">
            <message>
              <![CDATA[Error {
  message='Target page, context or browser has been closed
  name='TargetClosedError
  stack='TargetClosedError:Target page, context or browser has been closed
Error
    at captureRawStack (C:\Users\ANILKU~1\AppData\Local\Temp\playwright-java-4258486566767485809\package\lib\utils\stackTrace.js:50:17)
    at LongStandingScope._race (C:\Users\ANILKU~1\AppData\Local\Temp\playwright-java-4258486566767485809\package\lib\utils\manualPromise.js:91:52)
    at LongStandingScope.race (C:\Users\ANILKU~1\AppData\Local\Temp\playwright-java-4258486566767485809\package\lib\utils\manualPromise.js:84:17)
    at FrameDispatcher._handleCommand (C:\Users\ANILKU~1\AppData\Local\Temp\playwright-java-4258486566767485809\package\lib\server\dispatchers\dispatcher.js:96:36)
    at DispatcherConnection.dispatch (C:\Users\ANILKU~1\AppData\Local\Temp\playwright-java-4258486566767485809\package\lib\server\dispatchers\dispatcher.js:362:39)
}]]>
            </message>
            <full-stacktrace>
              <![CDATA[com.microsoft.playwright.PlaywrightException: Error {
  message='Target page, context or browser has been closed
  name='TargetClosedError
  stack='TargetClosedError:Target page, context or browser has been closed
Error
    at captureRawStack (C:\Users\ANILKU~1\AppData\Local\Temp\playwright-java-4258486566767485809\package\lib\utils\stackTrace.js:50:17)
    at LongStandingScope._race (C:\Users\ANILKU~1\AppData\Local\Temp\playwright-java-4258486566767485809\package\lib\utils\manualPromise.js:91:52)
    at LongStandingScope.race (C:\Users\ANILKU~1\AppData\Local\Temp\playwright-java-4258486566767485809\package\lib\utils\manualPromise.js:84:17)
    at FrameDispatcher._handleCommand (C:\Users\ANILKU~1\AppData\Local\Temp\playwright-java-4258486566767485809\package\lib\server\dispatchers\dispatcher.js:96:36)
    at DispatcherConnection.dispatch (C:\Users\ANILKU~1\AppData\Local\Temp\playwright-java-4258486566767485809\package\lib\server\dispatchers\dispatcher.js:362:39)
}
at com.microsoft.playwright.impl.WaitableResult.get(WaitableResult.java:54)
at com.microsoft.playwright.impl.ChannelOwner.runUntil(ChannelOwner.java:120)
at com.microsoft.playwright.impl.Connection.sendMessage(Connection.java:129)
at com.microsoft.playwright.impl.ChannelOwner.sendMessage(ChannelOwner.java:106)
at com.microsoft.playwright.impl.FrameImpl.waitForTimeoutImpl(FrameImpl.java:1076)
at com.microsoft.playwright.impl.PageImpl.lambda$waitForTimeout$94(PageImpl.java:1471)
at com.microsoft.playwright.impl.LoggingSupport.lambda$withLogging$0(LoggingSupport.java:36)
at com.microsoft.playwright.impl.LoggingSupport.withLogging(LoggingSupport.java:47)
at com.microsoft.playwright.impl.ChannelOwner.withLogging(ChannelOwner.java:89)
at com.microsoft.playwright.impl.LoggingSupport.withLogging(LoggingSupport.java:35)
at com.microsoft.playwright.impl.PageImpl.waitForTimeout(PageImpl.java:1471)
at com.qa.amplifi_capital.pages.HomePage.ValidateButtons(HomePage.java:76)
at com.qa.amplifi_capital.tests.HomePageTest.homePageButtonsTest(HomePageTest.java:28)
at java.base/jdk.internal.reflect.NativeMethodAccessorImpl.invoke0(Native Method)
at java.base/jdk.internal.reflect.NativeMethodAccessorImpl.invoke(NativeMethodAccessorImpl.java:77)
at java.base/jdk.internal.reflect.DelegatingMethodAccessorImpl.invoke(DelegatingMethodAccessorImpl.java:43)
at java.base/java.lang.reflect.Method.invoke(Method.java:568)
at org.testng.internal.invokers.MethodInvocationHelper.invokeMethod(MethodInvocationHelper.java:139)
at org.testng.internal.invokers.TestInvoker.invokeMethod(TestInvoker.java:664)
at org.testng.internal.invokers.TestInvoker.invokeTestMethod(TestInvoker.java:228)
at org.testng.internal.invokers.MethodRunner.runInSequence(MethodRunner.java:63)
at org.testng.internal.invokers.TestInvoker$MethodInvocationAgent.invoke(TestInvoker.java:961)
at org.testng.internal.invokers.TestInvoker.invokeTestMethods(TestInvoker.java:201)
at org.testng.internal.invokers.TestMethodWorker.invokeTestMethods(TestMethodWorker.java:148)
at org.testng.internal.invokers.TestMethodWorker.run(TestMethodWorker.java:128)
at java.base/java.util.ArrayList.forEach(ArrayList.java:1511)
at org.testng.TestRunner.privateRun(TestRunner.java:819)
at org.testng.TestRunner.run(TestRunner.java:619)
at org.testng.SuiteRunner.runTest(SuiteRunner.java:443)
at org.testng.SuiteRunner.runSequentially(SuiteRunner.java:437)
at org.testng.SuiteRunner.privateRun(SuiteRunner.java:397)
at org.testng.SuiteRunner.run(SuiteRunner.java:336)
at org.testng.SuiteRunnerWorker.runSuite(SuiteRunnerWorker.java:52)
at org.testng.SuiteRunnerWorker.run(SuiteRunnerWorker.java:95)
at org.testng.TestNG.runSuitesSequentially(TestNG.java:1301)
at org.testng.TestNG.runSuitesLocally(TestNG.java:1228)
at org.testng.TestNG.runSuites(TestNG.java:1134)
at org.testng.TestNG.run(TestNG.java:1101)
at org.testng.remote.AbstractRemoteTestNG.run(AbstractRemoteTestNG.java:115)
at org.testng.remote.RemoteTestNG.initAndRun(RemoteTestNG.java:251)
at org.testng.remote.RemoteTestNG.main(RemoteTestNG.java:77)
Caused by: com.microsoft.playwright.impl.TargetClosedError: Error {
  message='Target page, context or browser has been closed
  name='TargetClosedError
  stack='TargetClosedError:Target page, context or browser has been closed
Error
    at captureRawStack (C:\Users\ANILKU~1\AppData\Local\Temp\playwright-java-4258486566767485809\package\lib\utils\stackTrace.js:50:17)
    at LongStandingScope._race (C:\Users\ANILKU~1\AppData\Local\Temp\playwright-java-4258486566767485809\package\lib\utils\manualPromise.js:91:52)
    at LongStandingScope.race (C:\Users\ANILKU~1\AppData\Local\Temp\playwright-java-4258486566767485809\package\lib\utils\manualPromise.js:84:17)
    at FrameDispatcher._handleCommand (C:\Users\ANILKU~1\AppData\Local\Temp\playwright-java-4258486566767485809\package\lib\server\dispatchers\dispatcher.js:96:36)
    at DispatcherConnection.dispatch (C:\Users\ANILKU~1\AppData\Local\Temp\playwright-java-4258486566767485809\package\lib\server\dispatchers\dispatcher.js:362:39)
}
at com.microsoft.playwright.impl.Connection.dispatch(Connection.java:256)
at com.microsoft.playwright.impl.Connection.processOneMessage(Connection.java:209)
at com.microsoft.playwright.impl.ChannelOwner.runUntil(ChannelOwner.java:118)
... 39 more
]]>
            </full-stacktrace>
          </exception> <!-- com.microsoft.playwright.PlaywrightException -->
          <reporter-output>
          </reporter-output>
        </test-method> <!-- homePageButtonsTest -->
        <test-method signature="homePageContentsTest()[pri:0, instance:com.qa.amplifi_capital.tests.HomePageTest@1151e434]" started-at="2024-03-14T18:59:25 IST" name="homePageContentsTest" finished-at="2024-03-14T18:59:25 IST" duration-ms="3" status="FAIL">
          <exception class="com.microsoft.playwright.PlaywrightException">
            <message>
              <![CDATA[Error {
  message='Target page, context or browser has been closed
  name='TargetClosedError
  stack='TargetClosedError: Target page, context or browser has been closed
    at DispatcherConnection.dispatch (C:\Users\ANILKU~1\AppData\Local\Temp\playwright-java-4258486566767485809\package\lib\server\dispatchers\dispatcher.js:277:44)
    at transport.onmessage (C:\Users\ANILKU~1\AppData\Local\Temp\playwright-java-4258486566767485809\package\lib\cli\driver.js:52:57)
    at Immediate._onImmediate (C:\Users\ANILKU~1\AppData\Local\Temp\playwright-java-4258486566767485809\package\lib\protocol\transport.js:77:34)
    at process.processImmediate (node:internal/timers:478:21)
}]]>
            </message>
            <full-stacktrace>
              <![CDATA[com.microsoft.playwright.PlaywrightException: Error {
  message='Target page, context or browser has been closed
  name='TargetClosedError
  stack='TargetClosedError: Target page, context or browser has been closed
    at DispatcherConnection.dispatch (C:\Users\ANILKU~1\AppData\Local\Temp\playwright-java-4258486566767485809\package\lib\server\dispatchers\dispatcher.js:277:44)
    at transport.onmessage (C:\Users\ANILKU~1\AppData\Local\Temp\playwright-java-4258486566767485809\package\lib\cli\driver.js:52:57)
    at Immediate._onImmediate (C:\Users\ANILKU~1\AppData\Local\Temp\playwright-java-4258486566767485809\package\lib\protocol\transport.js:77:34)
    at process.processImmediate (node:internal/timers:478:21)
}
at com.microsoft.playwright.impl.WaitableResult.get(WaitableResult.java:54)
at com.microsoft.playwright.impl.ChannelOwner.runUntil(ChannelOwner.java:120)
at com.microsoft.playwright.impl.Connection.sendMessage(Connection.java:129)
at com.microsoft.playwright.impl.ChannelOwner.sendMessage(ChannelOwner.java:106)
at com.microsoft.playwright.impl.ChannelOwner.sendMessage(ChannelOwner.java:101)
at com.microsoft.playwright.impl.PageImpl.lambda$bringToFront$15(PageImpl.java:574)
at com.microsoft.playwright.impl.LoggingSupport.withLogging(LoggingSupport.java:47)
at com.microsoft.playwright.impl.ChannelOwner.withLogging(ChannelOwner.java:89)
at com.microsoft.playwright.impl.PageImpl.bringToFront(PageImpl.java:574)
at com.qa.amplifi_capital.pages.HomePage.ValidateHompePageContents(HomePage.java:166)
at com.qa.amplifi_capital.tests.HomePageTest.homePageContentsTest(HomePageTest.java:44)
at java.base/jdk.internal.reflect.NativeMethodAccessorImpl.invoke0(Native Method)
at java.base/jdk.internal.reflect.NativeMethodAccessorImpl.invoke(NativeMethodAccessorImpl.java:77)
at java.base/jdk.internal.reflect.DelegatingMethodAccessorImpl.invoke(DelegatingMethodAccessorImpl.java:43)
at java.base/java.lang.reflect.Method.invoke(Method.java:568)
at org.testng.internal.invokers.MethodInvocationHelper.invokeMethod(MethodInvocationHelper.java:139)
at org.testng.internal.invokers.TestInvoker.invokeMethod(TestInvoker.java:664)
at org.testng.internal.invokers.TestInvoker.invokeTestMethod(TestInvoker.java:228)
at org.testng.internal.invokers.MethodRunner.runInSequence(MethodRunner.java:63)
at org.testng.internal.invokers.TestInvoker$MethodInvocationAgent.invoke(TestInvoker.java:961)
at org.testng.internal.invokers.TestInvoker.invokeTestMethods(TestInvoker.java:201)
at org.testng.internal.invokers.TestMethodWorker.invokeTestMethods(TestMethodWorker.java:148)
at org.testng.internal.invokers.TestMethodWorker.run(TestMethodWorker.java:128)
at java.base/java.util.ArrayList.forEach(ArrayList.java:1511)
at org.testng.TestRunner.privateRun(TestRunner.java:819)
at org.testng.TestRunner.run(TestRunner.java:619)
at org.testng.SuiteRunner.runTest(SuiteRunner.java:443)
at org.testng.SuiteRunner.runSequentially(SuiteRunner.java:437)
at org.testng.SuiteRunner.privateRun(SuiteRunner.java:397)
at org.testng.SuiteRunner.run(SuiteRunner.java:336)
at org.testng.SuiteRunnerWorker.runSuite(SuiteRunnerWorker.java:52)
at org.testng.SuiteRunnerWorker.run(SuiteRunnerWorker.java:95)
at org.testng.TestNG.runSuitesSequentially(TestNG.java:1301)
at org.testng.TestNG.runSuitesLocally(TestNG.java:1228)
at org.testng.TestNG.runSuites(TestNG.java:1134)
at org.testng.TestNG.run(TestNG.java:1101)
at org.testng.remote.AbstractRemoteTestNG.run(AbstractRemoteTestNG.java:115)
at org.testng.remote.RemoteTestNG.initAndRun(RemoteTestNG.java:251)
at org.testng.remote.RemoteTestNG.main(RemoteTestNG.java:77)
Caused by: com.microsoft.playwright.impl.TargetClosedError: Error {
  message='Target page, context or browser has been closed
  name='TargetClosedError
  stack='TargetClosedError: Target page, context or browser has been closed
    at DispatcherConnection.dispatch (C:\Users\ANILKU~1\AppData\Local\Temp\playwright-java-4258486566767485809\package\lib\server\dispatchers\dispatcher.js:277:44)
    at transport.onmessage (C:\Users\ANILKU~1\AppData\Local\Temp\playwright-java-4258486566767485809\package\lib\cli\driver.js:52:57)
    at Immediate._onImmediate (C:\Users\ANILKU~1\AppData\Local\Temp\playwright-java-4258486566767485809\package\lib\protocol\transport.js:77:34)
    at process.processImmediate (node:internal/timers:478:21)
}
at com.microsoft.playwright.impl.Connection.dispatch(Connection.java:256)
at com.microsoft.playwright.impl.Connection.processOneMessage(Connection.java:209)
at com.microsoft.playwright.impl.ChannelOwner.runUntil(ChannelOwner.java:118)
... 37 more
]]>
            </full-stacktrace>
          </exception> <!-- com.microsoft.playwright.PlaywrightException -->
          <reporter-output>
          </reporter-output>
        </test-method> <!-- homePageContentsTest -->
        <test-method signature="homePageFooterLinksTest()[pri:0, instance:com.qa.amplifi_capital.tests.HomePageTest@1151e434]" started-at="2024-03-14T18:59:25 IST" name="homePageFooterLinksTest" finished-at="2024-03-14T18:59:25 IST" duration-ms="7" status="FAIL">
          <exception class="com.microsoft.playwright.PlaywrightException">
            <message>
              <![CDATA[Error {
  message='Target page, context or browser has been closed
  name='TargetClosedError
  stack='TargetClosedError: Target page, context or browser has been closed
    at DispatcherConnection.dispatch (C:\Users\ANILKU~1\AppData\Local\Temp\playwright-java-4258486566767485809\package\lib\server\dispatchers\dispatcher.js:277:44)
    at transport.onmessage (C:\Users\ANILKU~1\AppData\Local\Temp\playwright-java-4258486566767485809\package\lib\cli\driver.js:52:57)
    at Immediate._onImmediate (C:\Users\ANILKU~1\AppData\Local\Temp\playwright-java-4258486566767485809\package\lib\protocol\transport.js:77:34)
    at process.processImmediate (node:internal/timers:478:21)
}]]>
            </message>
            <full-stacktrace>
              <![CDATA[com.microsoft.playwright.PlaywrightException: Error {
  message='Target page, context or browser has been closed
  name='TargetClosedError
  stack='TargetClosedError: Target page, context or browser has been closed
    at DispatcherConnection.dispatch (C:\Users\ANILKU~1\AppData\Local\Temp\playwright-java-4258486566767485809\package\lib\server\dispatchers\dispatcher.js:277:44)
    at transport.onmessage (C:\Users\ANILKU~1\AppData\Local\Temp\playwright-java-4258486566767485809\package\lib\cli\driver.js:52:57)
    at Immediate._onImmediate (C:\Users\ANILKU~1\AppData\Local\Temp\playwright-java-4258486566767485809\package\lib\protocol\transport.js:77:34)
    at process.processImmediate (node:internal/timers:478:21)
}
at com.microsoft.playwright.impl.WaitableResult.get(WaitableResult.java:54)
at com.microsoft.playwright.impl.ChannelOwner.runUntil(ChannelOwner.java:120)
at com.microsoft.playwright.impl.Connection.sendMessage(Connection.java:129)
at com.microsoft.playwright.impl.ChannelOwner.sendMessage(ChannelOwner.java:106)
at com.microsoft.playwright.impl.FrameImpl.waitForSelectorImpl(FrameImpl.java:1060)
at com.microsoft.playwright.impl.FrameImpl.waitForSelectorImpl(FrameImpl.java:1050)
at com.microsoft.playwright.impl.FrameImpl.lambda$waitForSelector$46(FrameImpl.java:1046)
at com.microsoft.playwright.impl.LoggingSupport.withLogging(LoggingSupport.java:47)
at com.microsoft.playwright.impl.ChannelOwner.withLogging(ChannelOwner.java:89)
at com.microsoft.playwright.impl.FrameImpl.waitForSelector(FrameImpl.java:1046)
at com.microsoft.playwright.impl.LocatorImpl.elementHandle(LocatorImpl.java:182)
at com.microsoft.playwright.impl.LocatorImpl.withElement(LocatorImpl.java:64)
at com.microsoft.playwright.impl.LocatorImpl.scrollIntoViewIfNeeded(LocatorImpl.java:451)
at com.microsoft.playwright.Locator.scrollIntoViewIfNeeded(Locator.java:4256)
at com.qa.amplifi_capital.pages.HomePage.ValidateFooterLinks(HomePage.java:139)
at com.qa.amplifi_capital.tests.HomePageTest.homePageFooterLinksTest(HomePageTest.java:59)
at java.base/jdk.internal.reflect.NativeMethodAccessorImpl.invoke0(Native Method)
at java.base/jdk.internal.reflect.NativeMethodAccessorImpl.invoke(NativeMethodAccessorImpl.java:77)
at java.base/jdk.internal.reflect.DelegatingMethodAccessorImpl.invoke(DelegatingMethodAccessorImpl.java:43)
at java.base/java.lang.reflect.Method.invoke(Method.java:568)
at org.testng.internal.invokers.MethodInvocationHelper.invokeMethod(MethodInvocationHelper.java:139)
at org.testng.internal.invokers.TestInvoker.invokeMethod(TestInvoker.java:664)
at org.testng.internal.invokers.TestInvoker.invokeTestMethod(TestInvoker.java:228)
at org.testng.internal.invokers.MethodRunner.runInSequence(MethodRunner.java:63)
at org.testng.internal.invokers.TestInvoker$MethodInvocationAgent.invoke(TestInvoker.java:961)
at org.testng.internal.invokers.TestInvoker.invokeTestMethods(TestInvoker.java:201)
at org.testng.internal.invokers.TestMethodWorker.invokeTestMethods(TestMethodWorker.java:148)
at org.testng.internal.invokers.TestMethodWorker.run(TestMethodWorker.java:128)
at java.base/java.util.ArrayList.forEach(ArrayList.java:1511)
at org.testng.TestRunner.privateRun(TestRunner.java:819)
at org.testng.TestRunner.run(TestRunner.java:619)
at org.testng.SuiteRunner.runTest(SuiteRunner.java:443)
at org.testng.SuiteRunner.runSequentially(SuiteRunner.java:437)
at org.testng.SuiteRunner.privateRun(SuiteRunner.java:397)
at org.testng.SuiteRunner.run(SuiteRunner.java:336)
at org.testng.SuiteRunnerWorker.runSuite(SuiteRunnerWorker.java:52)
at org.testng.SuiteRunnerWorker.run(SuiteRunnerWorker.java:95)
at org.testng.TestNG.runSuitesSequentially(TestNG.java:1301)
at org.testng.TestNG.runSuitesLocally(TestNG.java:1228)
at org.testng.TestNG.runSuites(TestNG.java:1134)
at org.testng.TestNG.run(TestNG.java:1101)
at org.testng.remote.AbstractRemoteTestNG.run(AbstractRemoteTestNG.java:115)
at org.testng.remote.RemoteTestNG.initAndRun(RemoteTestNG.java:251)
at org.testng.remote.RemoteTestNG.main(RemoteTestNG.java:77)
Caused by: com.microsoft.playwright.impl.TargetClosedError: Error {
  message='Target page, context or browser has been closed
  name='TargetClosedError
  stack='TargetClosedError: Target page, context or browser has been closed
    at DispatcherConnection.dispatch (C:\Users\ANILKU~1\AppData\Local\Temp\playwright-java-4258486566767485809\package\lib\server\dispatchers\dispatcher.js:277:44)
    at transport.onmessage (C:\Users\ANILKU~1\AppData\Local\Temp\playwright-java-4258486566767485809\package\lib\cli\driver.js:52:57)
    at Immediate._onImmediate (C:\Users\ANILKU~1\AppData\Local\Temp\playwright-java-4258486566767485809\package\lib\protocol\transport.js:77:34)
    at process.processImmediate (node:internal/timers:478:21)
}
at com.microsoft.playwright.impl.Connection.dispatch(Connection.java:256)
at com.microsoft.playwright.impl.Connection.processOneMessage(Connection.java:209)
at com.microsoft.playwright.impl.ChannelOwner.runUntil(ChannelOwner.java:118)
... 42 more
]]>
            </full-stacktrace>
          </exception> <!-- com.microsoft.playwright.PlaywrightException -->
          <reporter-output>
          </reporter-output>
        </test-method> <!-- homePageFooterLinksTest -->
        <test-method signature="homePageH1TagTest()[pri:0, instance:com.qa.amplifi_capital.tests.HomePageTest@1151e434]" started-at="2024-03-14T18:59:25 IST" name="homePageH1TagTest" finished-at="2024-03-14T18:59:25 IST" duration-ms="6" status="FAIL">
          <exception class="com.microsoft.playwright.PlaywrightException">
            <message>
              <![CDATA[Error {
  message='Target page, context or browser has been closed
  name='TargetClosedError
  stack='TargetClosedError: Target page, context or browser has been closed
    at DispatcherConnection.dispatch (C:\Users\ANILKU~1\AppData\Local\Temp\playwright-java-4258486566767485809\package\lib\server\dispatchers\dispatcher.js:277:44)
    at transport.onmessage (C:\Users\ANILKU~1\AppData\Local\Temp\playwright-java-4258486566767485809\package\lib\cli\driver.js:52:57)
    at Immediate._onImmediate (C:\Users\ANILKU~1\AppData\Local\Temp\playwright-java-4258486566767485809\package\lib\protocol\transport.js:77:34)
    at process.processImmediate (node:internal/timers:478:21)
}]]>
            </message>
            <full-stacktrace>
              <![CDATA[com.microsoft.playwright.PlaywrightException: Error {
  message='Target page, context or browser has been closed
  name='TargetClosedError
  stack='TargetClosedError: Target page, context or browser has been closed
    at DispatcherConnection.dispatch (C:\Users\ANILKU~1\AppData\Local\Temp\playwright-java-4258486566767485809\package\lib\server\dispatchers\dispatcher.js:277:44)
    at transport.onmessage (C:\Users\ANILKU~1\AppData\Local\Temp\playwright-java-4258486566767485809\package\lib\cli\driver.js:52:57)
    at Immediate._onImmediate (C:\Users\ANILKU~1\AppData\Local\Temp\playwright-java-4258486566767485809\package\lib\protocol\transport.js:77:34)
    at process.processImmediate (node:internal/timers:478:21)
}
at com.microsoft.playwright.impl.WaitableResult.get(WaitableResult.java:54)
at com.microsoft.playwright.impl.ChannelOwner.runUntil(ChannelOwner.java:120)
at com.microsoft.playwright.impl.Connection.sendMessage(Connection.java:129)
at com.microsoft.playwright.impl.ChannelOwner.sendMessage(ChannelOwner.java:106)
at com.microsoft.playwright.impl.FrameImpl.waitForTimeoutImpl(FrameImpl.java:1076)
at com.microsoft.playwright.impl.PageImpl.lambda$waitForTimeout$94(PageImpl.java:1471)
at com.microsoft.playwright.impl.LoggingSupport.lambda$withLogging$0(LoggingSupport.java:36)
at com.microsoft.playwright.impl.LoggingSupport.withLogging(LoggingSupport.java:47)
at com.microsoft.playwright.impl.ChannelOwner.withLogging(ChannelOwner.java:89)
at com.microsoft.playwright.impl.LoggingSupport.withLogging(LoggingSupport.java:35)
at com.microsoft.playwright.impl.PageImpl.waitForTimeout(PageImpl.java:1471)
at com.qa.amplifi_capital.pages.HomePage.ValidateOneH1Tag(HomePage.java:85)
at com.qa.amplifi_capital.tests.HomePageTest.homePageH1TagTest(HomePageTest.java:49)
at java.base/jdk.internal.reflect.NativeMethodAccessorImpl.invoke0(Native Method)
at java.base/jdk.internal.reflect.NativeMethodAccessorImpl.invoke(NativeMethodAccessorImpl.java:77)
at java.base/jdk.internal.reflect.DelegatingMethodAccessorImpl.invoke(DelegatingMethodAccessorImpl.java:43)
at java.base/java.lang.reflect.Method.invoke(Method.java:568)
at org.testng.internal.invokers.MethodInvocationHelper.invokeMethod(MethodInvocationHelper.java:139)
at org.testng.internal.invokers.TestInvoker.invokeMethod(TestInvoker.java:664)
at org.testng.internal.invokers.TestInvoker.invokeTestMethod(TestInvoker.java:228)
at org.testng.internal.invokers.MethodRunner.runInSequence(MethodRunner.java:63)
at org.testng.internal.invokers.TestInvoker$MethodInvocationAgent.invoke(TestInvoker.java:961)
at org.testng.internal.invokers.TestInvoker.invokeTestMethods(TestInvoker.java:201)
at org.testng.internal.invokers.TestMethodWorker.invokeTestMethods(TestMethodWorker.java:148)
at org.testng.internal.invokers.TestMethodWorker.run(TestMethodWorker.java:128)
at java.base/java.util.ArrayList.forEach(ArrayList.java:1511)
at org.testng.TestRunner.privateRun(TestRunner.java:819)
at org.testng.TestRunner.run(TestRunner.java:619)
at org.testng.SuiteRunner.runTest(SuiteRunner.java:443)
at org.testng.SuiteRunner.runSequentially(SuiteRunner.java:437)
at org.testng.SuiteRunner.privateRun(SuiteRunner.java:397)
at org.testng.SuiteRunner.run(SuiteRunner.java:336)
at org.testng.SuiteRunnerWorker.runSuite(SuiteRunnerWorker.java:52)
at org.testng.SuiteRunnerWorker.run(SuiteRunnerWorker.java:95)
at org.testng.TestNG.runSuitesSequentially(TestNG.java:1301)
at org.testng.TestNG.runSuitesLocally(TestNG.java:1228)
at org.testng.TestNG.runSuites(TestNG.java:1134)
at org.testng.TestNG.run(TestNG.java:1101)
at org.testng.remote.AbstractRemoteTestNG.run(AbstractRemoteTestNG.java:115)
at org.testng.remote.RemoteTestNG.initAndRun(RemoteTestNG.java:251)
at org.testng.remote.RemoteTestNG.main(RemoteTestNG.java:77)
Caused by: com.microsoft.playwright.impl.TargetClosedError: Error {
  message='Target page, context or browser has been closed
  name='TargetClosedError
  stack='TargetClosedError: Target page, context or browser has been closed
    at DispatcherConnection.dispatch (C:\Users\ANILKU~1\AppData\Local\Temp\playwright-java-4258486566767485809\package\lib\server\dispatchers\dispatcher.js:277:44)
    at transport.onmessage (C:\Users\ANILKU~1\AppData\Local\Temp\playwright-java-4258486566767485809\package\lib\cli\driver.js:52:57)
    at Immediate._onImmediate (C:\Users\ANILKU~1\AppData\Local\Temp\playwright-java-4258486566767485809\package\lib\protocol\transport.js:77:34)
    at process.processImmediate (node:internal/timers:478:21)
}
at com.microsoft.playwright.impl.Connection.dispatch(Connection.java:256)
at com.microsoft.playwright.impl.Connection.processOneMessage(Connection.java:209)
at com.microsoft.playwright.impl.ChannelOwner.runUntil(ChannelOwner.java:118)
... 39 more
]]>
            </full-stacktrace>
          </exception> <!-- com.microsoft.playwright.PlaywrightException -->
          <reporter-output>
          </reporter-output>
        </test-method> <!-- homePageH1TagTest -->
        <test-method signature="homePageLegalsTest()[pri:0, instance:com.qa.amplifi_capital.tests.HomePageTest@1151e434]" started-at="2024-03-14T18:59:25 IST" name="homePageLegalsTest" finished-at="2024-03-14T18:59:25 IST" duration-ms="2" status="FAIL">
          <exception class="com.microsoft.playwright.PlaywrightException">
            <message>
              <![CDATA[Error {
  message='Target page, context or browser has been closed
  name='TargetClosedError
  stack='TargetClosedError: Target page, context or browser has been closed
    at DispatcherConnection.dispatch (C:\Users\ANILKU~1\AppData\Local\Temp\playwright-java-4258486566767485809\package\lib\server\dispatchers\dispatcher.js:277:44)
    at transport.onmessage (C:\Users\ANILKU~1\AppData\Local\Temp\playwright-java-4258486566767485809\package\lib\cli\driver.js:52:57)
    at Immediate._onImmediate (C:\Users\ANILKU~1\AppData\Local\Temp\playwright-java-4258486566767485809\package\lib\protocol\transport.js:77:34)
    at process.processImmediate (node:internal/timers:478:21)
}]]>
            </message>
            <full-stacktrace>
              <![CDATA[com.microsoft.playwright.PlaywrightException: Error {
  message='Target page, context or browser has been closed
  name='TargetClosedError
  stack='TargetClosedError: Target page, context or browser has been closed
    at DispatcherConnection.dispatch (C:\Users\ANILKU~1\AppData\Local\Temp\playwright-java-4258486566767485809\package\lib\server\dispatchers\dispatcher.js:277:44)
    at transport.onmessage (C:\Users\ANILKU~1\AppData\Local\Temp\playwright-java-4258486566767485809\package\lib\cli\driver.js:52:57)
    at Immediate._onImmediate (C:\Users\ANILKU~1\AppData\Local\Temp\playwright-java-4258486566767485809\package\lib\protocol\transport.js:77:34)
    at process.processImmediate (node:internal/timers:478:21)
}
at com.microsoft.playwright.impl.WaitableResult.get(WaitableResult.java:54)
at com.microsoft.playwright.impl.ChannelOwner.runUntil(ChannelOwner.java:120)
at com.microsoft.playwright.impl.Connection.sendMessage(Connection.java:129)
at com.microsoft.playwright.impl.ChannelOwner.sendMessage(ChannelOwner.java:106)
at com.microsoft.playwright.impl.ChannelOwner.sendMessage(ChannelOwner.java:101)
at com.microsoft.playwright.impl.PageImpl.lambda$bringToFront$15(PageImpl.java:574)
at com.microsoft.playwright.impl.LoggingSupport.withLogging(LoggingSupport.java:47)
at com.microsoft.playwright.impl.ChannelOwner.withLogging(ChannelOwner.java:89)
at com.microsoft.playwright.impl.PageImpl.bringToFront(PageImpl.java:574)
at com.qa.amplifi_capital.pages.HomePage.ValidateContentsOfLegalsPage(HomePage.java:213)
at com.qa.amplifi_capital.tests.HomePageTest.homePageLegalsTest(HomePageTest.java:65)
at java.base/jdk.internal.reflect.NativeMethodAccessorImpl.invoke0(Native Method)
at java.base/jdk.internal.reflect.NativeMethodAccessorImpl.invoke(NativeMethodAccessorImpl.java:77)
at java.base/jdk.internal.reflect.DelegatingMethodAccessorImpl.invoke(DelegatingMethodAccessorImpl.java:43)
at java.base/java.lang.reflect.Method.invoke(Method.java:568)
at org.testng.internal.invokers.MethodInvocationHelper.invokeMethod(MethodInvocationHelper.java:139)
at org.testng.internal.invokers.TestInvoker.invokeMethod(TestInvoker.java:664)
at org.testng.internal.invokers.TestInvoker.invokeTestMethod(TestInvoker.java:228)
at org.testng.internal.invokers.MethodRunner.runInSequence(MethodRunner.java:63)
at org.testng.internal.invokers.TestInvoker$MethodInvocationAgent.invoke(TestInvoker.java:961)
at org.testng.internal.invokers.TestInvoker.invokeTestMethods(TestInvoker.java:201)
at org.testng.internal.invokers.TestMethodWorker.invokeTestMethods(TestMethodWorker.java:148)
at org.testng.internal.invokers.TestMethodWorker.run(TestMethodWorker.java:128)
at java.base/java.util.ArrayList.forEach(ArrayList.java:1511)
at org.testng.TestRunner.privateRun(TestRunner.java:819)
at org.testng.TestRunner.run(TestRunner.java:619)
at org.testng.SuiteRunner.runTest(SuiteRunner.java:443)
at org.testng.SuiteRunner.runSequentially(SuiteRunner.java:437)
at org.testng.SuiteRunner.privateRun(SuiteRunner.java:397)
at org.testng.SuiteRunner.run(SuiteRunner.java:336)
at org.testng.SuiteRunnerWorker.runSuite(SuiteRunnerWorker.java:52)
at org.testng.SuiteRunnerWorker.run(SuiteRunnerWorker.java:95)
at org.testng.TestNG.runSuitesSequentially(TestNG.java:1301)
at org.testng.TestNG.runSuitesLocally(TestNG.java:1228)
at org.testng.TestNG.runSuites(TestNG.java:1134)
at org.testng.TestNG.run(TestNG.java:1101)
at org.testng.remote.AbstractRemoteTestNG.run(AbstractRemoteTestNG.java:115)
at org.testng.remote.RemoteTestNG.initAndRun(RemoteTestNG.java:251)
at org.testng.remote.RemoteTestNG.main(RemoteTestNG.java:77)
Caused by: com.microsoft.playwright.impl.TargetClosedError: Error {
  message='Target page, context or browser has been closed
  name='TargetClosedError
  stack='TargetClosedError: Target page, context or browser has been closed
    at DispatcherConnection.dispatch (C:\Users\ANILKU~1\AppData\Local\Temp\playwright-java-4258486566767485809\package\lib\server\dispatchers\dispatcher.js:277:44)
    at transport.onmessage (C:\Users\ANILKU~1\AppData\Local\Temp\playwright-java-4258486566767485809\package\lib\cli\driver.js:52:57)
    at Immediate._onImmediate (C:\Users\ANILKU~1\AppData\Local\Temp\playwright-java-4258486566767485809\package\lib\protocol\transport.js:77:34)
    at process.processImmediate (node:internal/timers:478:21)
}
at com.microsoft.playwright.impl.Connection.dispatch(Connection.java:256)
at com.microsoft.playwright.impl.Connection.processOneMessage(Connection.java:209)
at com.microsoft.playwright.impl.ChannelOwner.runUntil(ChannelOwner.java:118)
... 37 more
]]>
            </full-stacktrace>
          </exception> <!-- com.microsoft.playwright.PlaywrightException -->
          <reporter-output>
          </reporter-output>
        </test-method> <!-- homePageLegalsTest -->
        <test-method signature="homePageNewsCarouselTest()[pri:0, instance:com.qa.amplifi_capital.tests.HomePageTest@1151e434]" started-at="2024-03-14T18:59:25 IST" name="homePageNewsCarouselTest" finished-at="2024-03-14T18:59:25 IST" duration-ms="8" status="FAIL">
          <exception class="com.microsoft.playwright.PlaywrightException">
            <message>
              <![CDATA[Error {
  message='Target page, context or browser has been closed
  name='TargetClosedError
  stack='TargetClosedError: Target page, context or browser has been closed
    at DispatcherConnection.dispatch (C:\Users\ANILKU~1\AppData\Local\Temp\playwright-java-4258486566767485809\package\lib\server\dispatchers\dispatcher.js:277:44)
    at transport.onmessage (C:\Users\ANILKU~1\AppData\Local\Temp\playwright-java-4258486566767485809\package\lib\cli\driver.js:52:57)
    at Immediate._onImmediate (C:\Users\ANILKU~1\AppData\Local\Temp\playwright-java-4258486566767485809\package\lib\protocol\transport.js:77:34)
    at process.processImmediate (node:internal/timers:478:21)
}]]>
            </message>
            <full-stacktrace>
              <![CDATA[com.microsoft.playwright.PlaywrightException: Error {
  message='Target page, context or browser has been closed
  name='TargetClosedError
  stack='TargetClosedError: Target page, context or browser has been closed
    at DispatcherConnection.dispatch (C:\Users\ANILKU~1\AppData\Local\Temp\playwright-java-4258486566767485809\package\lib\server\dispatchers\dispatcher.js:277:44)
    at transport.onmessage (C:\Users\ANILKU~1\AppData\Local\Temp\playwright-java-4258486566767485809\package\lib\cli\driver.js:52:57)
    at Immediate._onImmediate (C:\Users\ANILKU~1\AppData\Local\Temp\playwright-java-4258486566767485809\package\lib\protocol\transport.js:77:34)
    at process.processImmediate (node:internal/timers:478:21)
}
at com.microsoft.playwright.impl.WaitableResult.get(WaitableResult.java:54)
at com.microsoft.playwright.impl.ChannelOwner.runUntil(ChannelOwner.java:120)
at com.microsoft.playwright.impl.Connection.sendMessage(Connection.java:129)
at com.microsoft.playwright.impl.ChannelOwner.sendMessage(ChannelOwner.java:106)
at com.microsoft.playwright.impl.FrameImpl.waitForSelectorImpl(FrameImpl.java:1060)
at com.microsoft.playwright.impl.FrameImpl.waitForSelectorImpl(FrameImpl.java:1050)
at com.microsoft.playwright.impl.FrameImpl.lambda$waitForSelector$46(FrameImpl.java:1046)
at com.microsoft.playwright.impl.LoggingSupport.withLogging(LoggingSupport.java:47)
at com.microsoft.playwright.impl.ChannelOwner.withLogging(ChannelOwner.java:89)
at com.microsoft.playwright.impl.FrameImpl.waitForSelector(FrameImpl.java:1046)
at com.microsoft.playwright.impl.LocatorImpl.elementHandle(LocatorImpl.java:182)
at com.microsoft.playwright.impl.LocatorImpl.withElement(LocatorImpl.java:64)
at com.microsoft.playwright.impl.LocatorImpl.scrollIntoViewIfNeeded(LocatorImpl.java:451)
at com.microsoft.playwright.Locator.scrollIntoViewIfNeeded(Locator.java:4256)
at com.qa.amplifi_capital.pages.HomePage.ValidateHomePageNewsCarousel(HomePage.java:98)
at com.qa.amplifi_capital.tests.HomePageTest.homePageNewsCarouselTest(HomePageTest.java:54)
at java.base/jdk.internal.reflect.NativeMethodAccessorImpl.invoke0(Native Method)
at java.base/jdk.internal.reflect.NativeMethodAccessorImpl.invoke(NativeMethodAccessorImpl.java:77)
at java.base/jdk.internal.reflect.DelegatingMethodAccessorImpl.invoke(DelegatingMethodAccessorImpl.java:43)
at java.base/java.lang.reflect.Method.invoke(Method.java:568)
at org.testng.internal.invokers.MethodInvocationHelper.invokeMethod(MethodInvocationHelper.java:139)
at org.testng.internal.invokers.TestInvoker.invokeMethod(TestInvoker.java:664)
at org.testng.internal.invokers.TestInvoker.invokeTestMethod(TestInvoker.java:228)
at org.testng.internal.invokers.MethodRunner.runInSequence(MethodRunner.java:63)
at org.testng.internal.invokers.TestInvoker$MethodInvocationAgent.invoke(TestInvoker.java:961)
at org.testng.internal.invokers.TestInvoker.invokeTestMethods(TestInvoker.java:201)
at org.testng.internal.invokers.TestMethodWorker.invokeTestMethods(TestMethodWorker.java:148)
at org.testng.internal.invokers.TestMethodWorker.run(TestMethodWorker.java:128)
at java.base/java.util.ArrayList.forEach(ArrayList.java:1511)
at org.testng.TestRunner.privateRun(TestRunner.java:819)
at org.testng.TestRunner.run(TestRunner.java:619)
at org.testng.SuiteRunner.runTest(SuiteRunner.java:443)
at org.testng.SuiteRunner.runSequentially(SuiteRunner.java:437)
at org.testng.SuiteRunner.privateRun(SuiteRunner.java:397)
at org.testng.SuiteRunner.run(SuiteRunner.java:336)
at org.testng.SuiteRunnerWorker.runSuite(SuiteRunnerWorker.java:52)
at org.testng.SuiteRunnerWorker.run(SuiteRunnerWorker.java:95)
at org.testng.TestNG.runSuitesSequentially(TestNG.java:1301)
at org.testng.TestNG.runSuitesLocally(TestNG.java:1228)
at org.testng.TestNG.runSuites(TestNG.java:1134)
at org.testng.TestNG.run(TestNG.java:1101)
at org.testng.remote.AbstractRemoteTestNG.run(AbstractRemoteTestNG.java:115)
at org.testng.remote.RemoteTestNG.initAndRun(RemoteTestNG.java:251)
at org.testng.remote.RemoteTestNG.main(RemoteTestNG.java:77)
Caused by: com.microsoft.playwright.impl.TargetClosedError: Error {
  message='Target page, context or browser has been closed
  name='TargetClosedError
  stack='TargetClosedError: Target page, context or browser has been closed
    at DispatcherConnection.dispatch (C:\Users\ANILKU~1\AppData\Local\Temp\playwright-java-4258486566767485809\package\lib\server\dispatchers\dispatcher.js:277:44)
    at transport.onmessage (C:\Users\ANILKU~1\AppData\Local\Temp\playwright-java-4258486566767485809\package\lib\cli\driver.js:52:57)
    at Immediate._onImmediate (C:\Users\ANILKU~1\AppData\Local\Temp\playwright-java-4258486566767485809\package\lib\protocol\transport.js:77:34)
    at process.processImmediate (node:internal/timers:478:21)
}
at com.microsoft.playwright.impl.Connection.dispatch(Connection.java:256)
at com.microsoft.playwright.impl.Connection.processOneMessage(Connection.java:209)
at com.microsoft.playwright.impl.ChannelOwner.runUntil(ChannelOwner.java:118)
... 42 more
]]>
            </full-stacktrace>
          </exception> <!-- com.microsoft.playwright.PlaywrightException -->
          <reporter-output>
          </reporter-output>
        </test-method> <!-- homePageNewsCarouselTest -->
        <test-method signature="homePageTitleTest()[pri:0, instance:com.qa.amplifi_capital.tests.HomePageTest@1151e434]" started-at="2024-03-14T18:59:25 IST" name="homePageTitleTest" finished-at="2024-03-14T18:59:25 IST" duration-ms="10" status="FAIL">
          <exception class="com.microsoft.playwright.PlaywrightException">
            <message>
              <![CDATA[Error {
  message='Target page, context or browser has been closed
  name='TargetClosedError
  stack='TargetClosedError: Target page, context or browser has been closed
    at DispatcherConnection.dispatch (C:\Users\ANILKU~1\AppData\Local\Temp\playwright-java-4258486566767485809\package\lib\server\dispatchers\dispatcher.js:277:44)
    at transport.onmessage (C:\Users\ANILKU~1\AppData\Local\Temp\playwright-java-4258486566767485809\package\lib\cli\driver.js:52:57)
    at Immediate._onImmediate (C:\Users\ANILKU~1\AppData\Local\Temp\playwright-java-4258486566767485809\package\lib\protocol\transport.js:77:34)
    at process.processImmediate (node:internal/timers:478:21)
}]]>
            </message>
            <full-stacktrace>
              <![CDATA[com.microsoft.playwright.PlaywrightException: Error {
  message='Target page, context or browser has been closed
  name='TargetClosedError
  stack='TargetClosedError: Target page, context or browser has been closed
    at DispatcherConnection.dispatch (C:\Users\ANILKU~1\AppData\Local\Temp\playwright-java-4258486566767485809\package\lib\server\dispatchers\dispatcher.js:277:44)
    at transport.onmessage (C:\Users\ANILKU~1\AppData\Local\Temp\playwright-java-4258486566767485809\package\lib\cli\driver.js:52:57)
    at Immediate._onImmediate (C:\Users\ANILKU~1\AppData\Local\Temp\playwright-java-4258486566767485809\package\lib\protocol\transport.js:77:34)
    at process.processImmediate (node:internal/timers:478:21)
}
at com.microsoft.playwright.impl.WaitableResult.get(WaitableResult.java:54)
at com.microsoft.playwright.impl.ChannelOwner.runUntil(ChannelOwner.java:120)
at com.microsoft.playwright.impl.Connection.sendMessage(Connection.java:129)
at com.microsoft.playwright.impl.ChannelOwner.sendMessage(ChannelOwner.java:106)
at com.microsoft.playwright.impl.ChannelOwner.sendMessage(ChannelOwner.java:101)
at com.microsoft.playwright.impl.FrameImpl.titleImpl(FrameImpl.java:827)
at com.microsoft.playwright.impl.PageImpl.lambda$title$79(PageImpl.java:1209)
at com.microsoft.playwright.impl.LoggingSupport.withLogging(LoggingSupport.java:47)
at com.microsoft.playwright.impl.ChannelOwner.withLogging(ChannelOwner.java:89)
at com.microsoft.playwright.impl.PageImpl.title(PageImpl.java:1209)
at com.qa.amplifi_capital.pages.HomePage.getHomePageTitle(HomePage.java:49)
at com.qa.amplifi_capital.tests.HomePageTest.homePageTitleTest(HomePageTest.java:13)
at java.base/jdk.internal.reflect.NativeMethodAccessorImpl.invoke0(Native Method)
at java.base/jdk.internal.reflect.NativeMethodAccessorImpl.invoke(NativeMethodAccessorImpl.java:77)
at java.base/jdk.internal.reflect.DelegatingMethodAccessorImpl.invoke(DelegatingMethodAccessorImpl.java:43)
at java.base/java.lang.reflect.Method.invoke(Method.java:568)
at org.testng.internal.invokers.MethodInvocationHelper.invokeMethod(MethodInvocationHelper.java:139)
at org.testng.internal.invokers.TestInvoker.invokeMethod(TestInvoker.java:664)
at org.testng.internal.invokers.TestInvoker.invokeTestMethod(TestInvoker.java:228)
at org.testng.internal.invokers.MethodRunner.runInSequence(MethodRunner.java:63)
at org.testng.internal.invokers.TestInvoker$MethodInvocationAgent.invoke(TestInvoker.java:961)
at org.testng.internal.invokers.TestInvoker.invokeTestMethods(TestInvoker.java:201)
at org.testng.internal.invokers.TestMethodWorker.invokeTestMethods(TestMethodWorker.java:148)
at org.testng.internal.invokers.TestMethodWorker.run(TestMethodWorker.java:128)
at java.base/java.util.ArrayList.forEach(ArrayList.java:1511)
at org.testng.TestRunner.privateRun(TestRunner.java:819)
at org.testng.TestRunner.run(TestRunner.java:619)
at org.testng.SuiteRunner.runTest(SuiteRunner.java:443)
at org.testng.SuiteRunner.runSequentially(SuiteRunner.java:437)
at org.testng.SuiteRunner.privateRun(SuiteRunner.java:397)
at org.testng.SuiteRunner.run(SuiteRunner.java:336)
at org.testng.SuiteRunnerWorker.runSuite(SuiteRunnerWorker.java:52)
at org.testng.SuiteRunnerWorker.run(SuiteRunnerWorker.java:95)
at org.testng.TestNG.runSuitesSequentially(TestNG.java:1301)
at org.testng.TestNG.runSuitesLocally(TestNG.java:1228)
at org.testng.TestNG.runSuites(TestNG.java:1134)
at org.testng.TestNG.run(TestNG.java:1101)
at org.testng.remote.AbstractRemoteTestNG.run(AbstractRemoteTestNG.java:115)
at org.testng.remote.RemoteTestNG.initAndRun(RemoteTestNG.java:251)
at org.testng.remote.RemoteTestNG.main(RemoteTestNG.java:77)
Caused by: com.microsoft.playwright.impl.TargetClosedError: Error {
  message='Target page, context or browser has been closed
  name='TargetClosedError
  stack='TargetClosedError: Target page, context or browser has been closed
    at DispatcherConnection.dispatch (C:\Users\ANILKU~1\AppData\Local\Temp\playwright-java-4258486566767485809\package\lib\server\dispatchers\dispatcher.js:277:44)
    at transport.onmessage (C:\Users\ANILKU~1\AppData\Local\Temp\playwright-java-4258486566767485809\package\lib\cli\driver.js:52:57)
    at Immediate._onImmediate (C:\Users\ANILKU~1\AppData\Local\Temp\playwright-java-4258486566767485809\package\lib\protocol\transport.js:77:34)
    at process.processImmediate (node:internal/timers:478:21)
}
at com.microsoft.playwright.impl.Connection.dispatch(Connection.java:256)
at com.microsoft.playwright.impl.Connection.processOneMessage(Connection.java:209)
at com.microsoft.playwright.impl.ChannelOwner.runUntil(ChannelOwner.java:118)
... 38 more
]]>
            </full-stacktrace>
          </exception> <!-- com.microsoft.playwright.PlaywrightException -->
          <reporter-output>
          </reporter-output>
        </test-method> <!-- homePageTitleTest -->
        <test-method signature="homePageURLTest()[pri:0, instance:com.qa.amplifi_capital.tests.HomePageTest@1151e434]" started-at="2024-03-14T18:59:25 IST" name="homePageURLTest" finished-at="2024-03-14T18:59:25 IST" duration-ms="19" status="FAIL">
          <exception class="java.lang.AssertionError">
            <message>
              <![CDATA[expected [https://uat.amplificapital.com] but found [https://uat.amplificapital.com/]]]>
            </message>
            <full-stacktrace>
              <![CDATA[java.lang.AssertionError: expected [https://uat.amplificapital.com] but found [https://uat.amplificapital.com/]
at org.testng.Assert.fail(Assert.java:111)
at org.testng.Assert.failNotEquals(Assert.java:1578)
at org.testng.Assert.assertEqualsImpl(Assert.java:150)
at org.testng.Assert.assertEquals(Assert.java:132)
at org.testng.Assert.assertEquals(Assert.java:656)
at org.testng.Assert.assertEquals(Assert.java:666)
at com.qa.amplifi_capital.tests.HomePageTest.homePageURLTest(HomePageTest.java:20)
at java.base/jdk.internal.reflect.NativeMethodAccessorImpl.invoke0(Native Method)
at java.base/jdk.internal.reflect.NativeMethodAccessorImpl.invoke(NativeMethodAccessorImpl.java:77)
at java.base/jdk.internal.reflect.DelegatingMethodAccessorImpl.invoke(DelegatingMethodAccessorImpl.java:43)
at java.base/java.lang.reflect.Method.invoke(Method.java:568)
at org.testng.internal.invokers.MethodInvocationHelper.invokeMethod(MethodInvocationHelper.java:139)
at org.testng.internal.invokers.TestInvoker.invokeMethod(TestInvoker.java:664)
at org.testng.internal.invokers.TestInvoker.invokeTestMethod(TestInvoker.java:228)
at org.testng.internal.invokers.MethodRunner.runInSequence(MethodRunner.java:63)
at org.testng.internal.invokers.TestInvoker$MethodInvocationAgent.invoke(TestInvoker.java:961)
at org.testng.internal.invokers.TestInvoker.invokeTestMethods(TestInvoker.java:201)
at org.testng.internal.invokers.TestMethodWorker.invokeTestMethods(TestMethodWorker.java:148)
at org.testng.internal.invokers.TestMethodWorker.run(TestMethodWorker.java:128)
at java.base/java.util.ArrayList.forEach(ArrayList.java:1511)
at org.testng.TestRunner.privateRun(TestRunner.java:819)
at org.testng.TestRunner.run(TestRunner.java:619)
at org.testng.SuiteRunner.runTest(SuiteRunner.java:443)
at org.testng.SuiteRunner.runSequentially(SuiteRunner.java:437)
at org.testng.SuiteRunner.privateRun(SuiteRunner.java:397)
at org.testng.SuiteRunner.run(SuiteRunner.java:336)
at org.testng.SuiteRunnerWorker.runSuite(SuiteRunnerWorker.java:52)
at org.testng.SuiteRunnerWorker.run(SuiteRunnerWorker.java:95)
at org.testng.TestNG.runSuitesSequentially(TestNG.java:1301)
at org.testng.TestNG.runSuitesLocally(TestNG.java:1228)
at org.testng.TestNG.runSuites(TestNG.java:1134)
at org.testng.TestNG.run(TestNG.java:1101)
at org.testng.remote.AbstractRemoteTestNG.run(AbstractRemoteTestNG.java:115)
at org.testng.remote.RemoteTestNG.initAndRun(RemoteTestNG.java:251)
at org.testng.remote.RemoteTestNG.main(RemoteTestNG.java:77)
]]>
            </full-stacktrace>
          </exception> <!-- java.lang.AssertionError -->
          <reporter-output>
          </reporter-output>
        </test-method> <!-- homePageURLTest -->
        <test-method is-config="true" signature="tearDown()[pri:0, instance:com.qa.amplifi_capital.tests.HomePageTest@1151e434]" started-at="2024-03-14T18:59:25 IST" name="tearDown" finished-at="2024-03-14T18:59:25 IST" duration-ms="221" status="PASS">
          <reporter-output>
          </reporter-output>
        </test-method> <!-- tearDown -->
      </class> <!-- com.qa.amplifi_capital.tests.HomePageTest -->
    </test> <!-- AmplifiCapital Home Page Test -->
  </suite> <!-- Amplifi Capital Test Regression  Suite -->
</testng-results>
